Determining if the pthread_create exist failed with the following output:
Change Dir: /home/pannaton/workspace/build/ignition_navigation/CMakeFiles/CMakeTmp

Run Build Command:"/usr/bin/make" "cmTC_dcdc9/fast"
/usr/bin/make -f CMakeFiles/cmTC_dcdc9.dir/build.make CMakeFiles/cmTC_dcdc9.dir/build
make[1]: Entering directory '/home/pannaton/workspace/build/ignition_navigation/CMakeFiles/CMakeTmp'
Building C object CMakeFiles/cmTC_dcdc9.dir/CheckSymbolExists.c.o
/usr/bin/cc    -o CMakeFiles/cmTC_dcdc9.dir/CheckSymbolExists.c.o   -c /home/pannaton/workspace/build/ignition_navigation/CMakeFiles/CMakeTmp/CheckSymbolExists.c
Linking C executable cmTC_dcdc9
/usr/bin/cmake -E cmake_link_script CMakeFiles/cmTC_dcdc9.dir/link.txt --verbose=1
/usr/bin/cc      -rdynamic CMakeFiles/cmTC_dcdc9.dir/CheckSymbolExists.c.o  -o cmTC_dcdc9 
CMakeFiles/cmTC_dcdc9.dir/CheckSymbolExists.c.o: In function `main':
CheckSymbolExists.c:(.text+0x1b): undefined reference to `pthread_create'
collect2: error: ld returned 1 exit status
CMakeFiles/cmTC_dcdc9.dir/build.make:97: recipe for target 'cmTC_dcdc9' failed
make[1]: *** [cmTC_dcdc9] Error 1
make[1]: Leaving directory '/home/pannaton/workspace/build/ignition_navigation/CMakeFiles/CMakeTmp'
Makefile:126: recipe for target 'cmTC_dcdc9/fast' failed
make: *** [cmTC_dcdc9/fast] Error 2

File /home/pannaton/workspace/build/ignition_navigation/CMakeFiles/CMakeTmp/CheckSymbolExists.c:
/* */
#include <pthread.h>

int main(int argc, char** argv)
{
  (void)argv;
#ifndef pthread_create
  return ((int*)(&pthread_create))[argc];
#else
  (void)argc;
  return 0;
#endif
}

Determining if the function pthread_create exists in the pthreads failed with the following output:
Change Dir: /home/pannaton/workspace/build/ignition_navigation/CMakeFiles/CMakeTmp

Run Build Command:"/usr/bin/make" "cmTC_d2cbd/fast"
/usr/bin/make -f CMakeFiles/cmTC_d2cbd.dir/build.make CMakeFiles/cmTC_d2cbd.dir/build
make[1]: Entering directory '/home/pannaton/workspace/build/ignition_navigation/CMakeFiles/CMakeTmp'
Building C object CMakeFiles/cmTC_d2cbd.dir/CheckFunctionExists.c.o
/usr/bin/cc   -DCHECK_FUNCTION_EXISTS=pthread_create   -o CMakeFiles/cmTC_d2cbd.dir/CheckFunctionExists.c.o   -c /usr/share/cmake-3.10/Modules/CheckFunctionExists.c
Linking C executable cmTC_d2cbd
/usr/bin/cmake -E cmake_link_script CMakeFiles/cmTC_d2cbd.dir/link.txt --verbose=1
/usr/bin/cc  -DCHECK_FUNCTION_EXISTS=pthread_create    -rdynamic CMakeFiles/cmTC_d2cbd.dir/CheckFunctionExists.c.o  -o cmTC_d2cbd -lpthreads 
/usr/bin/ld: cannot find -lpthreads
collect2: error: ld returned 1 exit status
CMakeFiles/cmTC_d2cbd.dir/build.make:97: recipe for target 'cmTC_d2cbd' failed
make[1]: *** [cmTC_d2cbd] Error 1
make[1]: Leaving directory '/home/pannaton/workspace/build/ignition_navigation/CMakeFiles/CMakeTmp'
Makefile:126: recipe for target 'cmTC_d2cbd/fast' failed
make: *** [cmTC_d2cbd/fast] Error 2


