Determining if the pthread_create exist failed with the following output:
Change Dir: /home/pannaton/workspace/build/ignition_playground/CMakeFiles/CMakeTmp

Run Build Command:"/usr/bin/make" "cmTC_6544d/fast"
/usr/bin/make -f CMakeFiles/cmTC_6544d.dir/build.make CMakeFiles/cmTC_6544d.dir/build
make[1]: Entering directory '/home/pannaton/workspace/build/ignition_playground/CMakeFiles/CMakeTmp'
Building C object CMakeFiles/cmTC_6544d.dir/CheckSymbolExists.c.o
/usr/bin/cc    -o CMakeFiles/cmTC_6544d.dir/CheckSymbolExists.c.o   -c /home/pannaton/workspace/build/ignition_playground/CMakeFiles/CMakeTmp/CheckSymbolExists.c
Linking C executable cmTC_6544d
/usr/bin/cmake -E cmake_link_script CMakeFiles/cmTC_6544d.dir/link.txt --verbose=1
/usr/bin/cc      -rdynamic CMakeFiles/cmTC_6544d.dir/CheckSymbolExists.c.o  -o cmTC_6544d 
CMakeFiles/cmTC_6544d.dir/CheckSymbolExists.c.o: In function `main':
CheckSymbolExists.c:(.text+0x1b): undefined reference to `pthread_create'
collect2: error: ld returned 1 exit status
CMakeFiles/cmTC_6544d.dir/build.make:97: recipe for target 'cmTC_6544d' failed
make[1]: *** [cmTC_6544d] Error 1
make[1]: Leaving directory '/home/pannaton/workspace/build/ignition_playground/CMakeFiles/CMakeTmp'
Makefile:126: recipe for target 'cmTC_6544d/fast' failed
make: *** [cmTC_6544d/fast] Error 2

File /home/pannaton/workspace/build/ignition_playground/CMakeFiles/CMakeTmp/CheckSymbolExists.c:
/* */
#include <pthread.h>

int main(int argc, char** argv)
{
  (void)argv;
#ifndef pthread_create
  return ((int*)(&pthread_create))[argc];
#else
  (void)argc;
  return 0;
#endif
}

Determining if the function pthread_create exists in the pthreads failed with the following output:
Change Dir: /home/pannaton/workspace/build/ignition_playground/CMakeFiles/CMakeTmp

Run Build Command:"/usr/bin/make" "cmTC_8cee0/fast"
/usr/bin/make -f CMakeFiles/cmTC_8cee0.dir/build.make CMakeFiles/cmTC_8cee0.dir/build
make[1]: Entering directory '/home/pannaton/workspace/build/ignition_playground/CMakeFiles/CMakeTmp'
Building C object CMakeFiles/cmTC_8cee0.dir/CheckFunctionExists.c.o
/usr/bin/cc   -DCHECK_FUNCTION_EXISTS=pthread_create   -o CMakeFiles/cmTC_8cee0.dir/CheckFunctionExists.c.o   -c /usr/share/cmake-3.10/Modules/CheckFunctionExists.c
Linking C executable cmTC_8cee0
/usr/bin/cmake -E cmake_link_script CMakeFiles/cmTC_8cee0.dir/link.txt --verbose=1
/usr/bin/cc  -DCHECK_FUNCTION_EXISTS=pthread_create    -rdynamic CMakeFiles/cmTC_8cee0.dir/CheckFunctionExists.c.o  -o cmTC_8cee0 -lpthreads 
/usr/bin/ld: cannot find -lpthreads
collect2: error: ld returned 1 exit status
CMakeFiles/cmTC_8cee0.dir/build.make:97: recipe for target 'cmTC_8cee0' failed
make[1]: *** [cmTC_8cee0] Error 1
make[1]: Leaving directory '/home/pannaton/workspace/build/ignition_playground/CMakeFiles/CMakeTmp'
Makefile:126: recipe for target 'cmTC_8cee0/fast' failed
make: *** [cmTC_8cee0/fast] Error 2


